<?xml version="1.0" encoding="UTF-8"?>
<testng-results ignored="0" total="1" passed="1" failed="0" skipped="0">
  <reporter-output>
    <line>
      <![CDATA[createCampaign]]>
    </line>
  </reporter-output>
  <suite started-at="2024-12-27T10:55:01 IST" name="Default suite" finished-at="2024-12-27T10:55:14 IST" duration-ms="13375">
    <groups>
    </groups>
    <test started-at="2024-12-27T10:55:01 IST" name="Default test" finished-at="2024-12-27T10:55:14 IST" duration-ms="13375">
      <class name="testscript.CustomerModule">
        <test-method signature="createCampaign()[pri:0, instance:testscript.CustomerModule@21282ed8]" started-at="2024-12-27T10:55:01 IST" name="createCampaign" finished-at="2024-12-27T10:55:14 IST" duration-ms="13311" status="PASS">
          <reporter-output>
            <line>
              <![CDATA[createCampaign]]>
            </line>
          </reporter-output>
        </test-method> <!-- createCampaign -->
      </class> <!-- testscript.CustomerModule -->
    </test> <!-- Default test -->
  </suite> <!-- Default suite -->
</testng-results>
